<?xml version="1.0" encoding="UTF-8"?>
<!-- Generated by org.testng.reporters.JUnitXMLReporter -->
<testsuite ignored="0" hostname="DESKTOP-24IJ0BK" failures="0" tests="3" name="EdgeTest" time="21.757" errors="0" timestamp="2022-02-03T14:26:46 IST">
  <testcase classname="CrossBrowser.LoginExample" name="verifyLogin" time="5.315"/>
  <testcase classname="CrossBrowser.LoginExample" name="verifyDashboard" time="0.026"/>
  <testcase classname="CrossBrowser.LoginExample" name="verifyLogout" time="7.969"/>
</testsuite> <!-- EdgeTest -->
