<?xml version="1.0" encoding="UTF-8"?>
<!-- Generated by org.testng.reporters.JUnitXMLReporter -->
<testsuite hostname="DESKTOP-24IJ0BK" ignored="0" name="Test" tests="3" failures="0" timestamp="2022-02-07T15:49:22 IST" time="28.529" errors="0">
  <testcase name="verifyLogin" time="6.838" classname="dataDrivenTestExample.LoginWithInvalidUser"/>
  <testcase name="verifyLogin" time="6.47" classname="dataDrivenTestExample.LoginWithInvalidUser"/>
  <testcase name="verifyLogin" time="6.516" classname="dataDrivenTestExample.LoginWithInvalidUser"/>
</testsuite> <!-- Test -->
