<?xml version="1.0" encoding="UTF-8"?>
<testng-results ignored="0" total="1" passed="1" failed="0" skipped="0">
  <reporter-output>
  </reporter-output>
  <suite started-at="2022-02-07T14:33:02 IST" name="Default suite" finished-at="2022-02-07T14:33:56 IST" duration-ms="53464">
    <groups>
    </groups>
    <test started-at="2022-02-07T14:33:02 IST" name="Default test" finished-at="2022-02-07T14:33:56 IST" duration-ms="53464">
      <class name="excelFileExample.RegisterStudentExcelTest">
        <test-method signature="RegistrationDataDrivernTest()[pri:0, instance:excelFileExample.RegisterStudentExcelTest@32502377]" started-at="2022-02-07T14:33:02 IST" name="RegistrationDataDrivernTest" finished-at="2022-02-07T14:33:56 IST" duration-ms="53416" status="PASS">
          <reporter-output>
          </reporter-output>
        </test-method> <!-- RegistrationDataDrivernTest -->
      </class> <!-- excelFileExample.RegisterStudentExcelTest -->
    </test> <!-- Default test -->
  </suite> <!-- Default suite -->
</testng-results>
